<?xml version="1.0" encoding="UTF-8"?>
<!-- Generated by org.testng.reporters.JUnitReportReporter -->
<testsuite hostname="DESKTOP-9R7FK2M" failures="0" tests="2" name="SabaPackage.test" time="32.375" errors="0" timestamp="2 Aug 2018 13:51:19 GMT">
  <testcase classname="SabaPackage.test" name="SabaLogout" time="7.539"/>
  <testcase classname="SabaPackage.test" name="login" time="24.836"/>
</testsuite> <!-- SabaPackage.test -->
