<?xml version="1.0" encoding="UTF-8"?>
<!-- Generated by org.testng.reporters.JUnitReportReporter -->
<testsuite hostname="DESKTOP-9R7FK2M" failures="0" tests="3" name="SabaPackage.Userprofile" time="164.627" errors="0" timestamp="3 Aug 2018 18:17:43 GMT">
  <testcase classname="SabaPackage.Userprofile" name="newUser" time="111.063"/>
  <testcase classname="SabaPackage.Userprofile" name="SabaLogout" time="3.068"/>
  <testcase classname="SabaPackage.Userprofile" name="login" time="50.496"/>
</testsuite> <!-- SabaPackage.Userprofile -->
