<?xml version="1.0" encoding="UTF-8"?>
<!-- Generated by org.testng.reporters.JUnitReportReporter -->
<testsuite hostname="DESKTOP-9R7FK2M" failures="0" tests="5" name="SabaPackage.LearningClass" time="168.040" errors="0" timestamp="3 Aug 2018 18:17:43 GMT">
  <testcase classname="SabaPackage.LearningClass" name="peopleadmin" time="32.322"/>
  <testcase classname="SabaPackage.LearningClass" name="newCourse" time="83.053"/>
  <testcase classname="SabaPackage.LearningClass" name="SabaLogout" time="6.653"/>
  <testcase classname="SabaPackage.LearningClass" name="close" time="0.007"/>
  <testcase classname="SabaPackage.LearningClass" name="login" time="46.005"/>
</testsuite> <!-- SabaPackage.LearningClass -->
